app/build/intermediates/manifest_merge_blame_file/debug/manifest-merger-blame-debug-report.txt
1<?xml version="1.0" encoding="utf-8"?>
2<manifest xmlns:android="http://schemas.android.com/apk/res/android"
3    package="com.taetae98.iip"
4    android:versionCode="1"
5    android:versionName="1.0" >
6
7    <uses-sdk
8        android:minSdkVersion="24"
8-->src\main\AndroidManifest.xml
9        android:targetSdkVersion="29" />
9-->src\main\AndroidManifest.xml
10
11    <uses-permission android:name="android.permission.CAMERA" />
11-->src\main\AndroidManifest.xml:5:5-65
11-->src\main\AndroidManifest.xml:5:22-62
12
13    <uses-feature android:name="android.hardware.camera" />
13-->src\main\AndroidManifest.xml:7:5-60
13-->src\main\AndroidManifest.xml:7:19-57
14    <uses-feature android:name="android.hardware.camera.autofocus" />
14-->src\main\AndroidManifest.xml:8:5-70
14-->src\main\AndroidManifest.xml:8:19-67
15
16    <application
16-->src\main\AndroidManifest.xml:10:5-35:19
17        android:allowBackup="true"
17-->src\main\AndroidManifest.xml:11:9-35
18        android:appComponentFactory="androidx.core.app.CoreComponentFactory"
18-->[androidx.core:core:1.6.0-beta01] AndroidManifest.xml:24:18-86
19        android:debuggable="true"
20        android:extractNativeLibs="false"
21        android:label="@string/app_name"
21-->src\main\AndroidManifest.xml:12:9-41
22        android:supportsRtl="true"
22-->src\main\AndroidManifest.xml:13:9-35
23        android:testOnly="true"
24        android:theme="@style/Theme.Iip" >
24-->src\main\AndroidManifest.xml:14:9-41
25        <activity android:name="com.taetae98.iip.activity.Camera.CameraActivity" />
25-->src\main\AndroidManifest.xml:15:9-77
25-->src\main\AndroidManifest.xml:15:19-65
26        <activity android:name="com.taetae98.iip.activity.TodayExerciseActivity" />
26-->src\main\AndroidManifest.xml:16:9-77
26-->src\main\AndroidManifest.xml:16:19-65
27        <activity android:name="com.taetae98.iip.activity.cycle_a" />
27-->src\main\AndroidManifest.xml:17:9-63
27-->src\main\AndroidManifest.xml:17:19-51
28        <activity android:name="com.taetae98.iip.activity.cycle_b" />
28-->src\main\AndroidManifest.xml:18:9-63
28-->src\main\AndroidManifest.xml:18:19-51
29        <activity android:name="com.taetae98.iip.activity.cycle_c" />
29-->src\main\AndroidManifest.xml:19:9-63
29-->src\main\AndroidManifest.xml:19:19-51
30        <activity android:name="com.taetae98.iip.activity.cycle_d" />
30-->src\main\AndroidManifest.xml:20:9-63
30-->src\main\AndroidManifest.xml:20:19-51
31        <activity android:name="com.taetae98.iip.activity.ExerciseInformationActivity" />
31-->src\main\AndroidManifest.xml:21:9-74
31-->src\main\AndroidManifest.xml:21:19-71
32        <activity android:name="com.taetae98.iip.activity.TipActivity" />
32-->src\main\AndroidManifest.xml:22:9-58
32-->src\main\AndroidManifest.xml:22:19-55
33        <activity android:name="com.taetae98.iip.activity.RoutineActivity" />
33-->src\main\AndroidManifest.xml:23:9-62
33-->src\main\AndroidManifest.xml:23:19-59
34        <activity android:name="com.taetae98.iip.activity.ExerciseActivity" />
34-->src\main\AndroidManifest.xml:24:9-63
34-->src\main\AndroidManifest.xml:24:19-60
35        <activity android:name="com.taetae98.iip.activity.MainActivity" >
35-->src\main\AndroidManifest.xml:25:9-31:20
35-->src\main\AndroidManifest.xml:25:19-56
36            <intent-filter>
36-->src\main\AndroidManifest.xml:26:13-30:29
37                <action android:name="android.intent.action.MAIN" />
37-->src\main\AndroidManifest.xml:27:17-69
37-->src\main\AndroidManifest.xml:27:25-66
38
39                <category android:name="android.intent.category.LAUNCHER" />
39-->src\main\AndroidManifest.xml:29:17-77
39-->src\main\AndroidManifest.xml:29:27-74
40            </intent-filter>
41        </activity>
42        <activity android:name="com.taetae98.iip.activity.Exercise_TIP.Tip.tip_pullup" />
42-->src\main\AndroidManifest.xml:32:9-73
42-->src\main\AndroidManifest.xml:32:19-71
43        <activity android:name="com.taetae98.iip.activity.Exercise_TIP.Tip.tip_pushup" />
43-->src\main\AndroidManifest.xml:33:9-73
43-->src\main\AndroidManifest.xml:33:19-71
44        <activity android:name="com.taetae98.iip.activity.Exercise_TIP.Tip.tip_squat" />
44-->src\main\AndroidManifest.xml:34:9-72
44-->src\main\AndroidManifest.xml:34:19-70
45
46        <service
46-->[androidx.room:room-runtime:2.3.0] AndroidManifest.xml:25:9-28:40
47            android:name="androidx.room.MultiInstanceInvalidationService"
47-->[androidx.room:room-runtime:2.3.0] AndroidManifest.xml:26:13-74
48            android:directBootAware="true"
48-->[androidx.room:room-runtime:2.3.0] AndroidManifest.xml:27:13-43
49            android:exported="false" />
49-->[androidx.room:room-runtime:2.3.0] AndroidManifest.xml:28:13-37
50    </application>
51
52</manifest>